#
# There is insufficient memory for the Java Runtime Environment to continue.
# Native memory allocation (malloc) failed to allocate 1753616 bytes for Chunk::new
# Possible reasons:
#   The system is out of physical RAM or swap space
#   The process is running with CompressedOops enabled, and the Java Heap may be blocking the growth of the native heap
# Possible solutions:
#   Reduce memory load on the system
#   Increase physical memory or swap space
#   Check if swap backing store is full
#   Decrease Java heap size (-Xmx/-Xms)
#   Decrease number of Java threads
#   Decrease Java thread stack sizes (-Xss)
#   Set larger code cache with -XX:ReservedCodeCacheSize=
#   JVM is running with Unscaled Compressed Oops mode in which the Java heap is
#     placed in the first 4GB address space. The Java Heap base address is the
#     maximum limit for the native heap growth. Please use -XX:HeapBaseMinAddress
#     to set the Java Heap base and to place the Java Heap above 4GB virtual address.
# This output file may be truncated or incomplete.
#
#  Out of Memory Error (allocation.cpp:389), pid=22688, tid=0x00000000000032c4
#
# JRE version: OpenJDK Runtime Environment (8.0_242-b01) (build 1.8.0_242-release-1644-b01)
# Java VM: OpenJDK 64-Bit Server VM (25.242-b01 mixed mode windows-amd64 compressed oops)
# Failed to write core dump. Minidumps are not enabled by default on client versions of Windows
#

---------------  T H R E A D  ---------------

Current thread (0x0000000019972000):  JavaThread "C2 CompilerThread0" daemon [_thread_in_native, id=12996, stack(0x000000001a260000,0x000000001a360000)]

Stack: [0x000000001a260000,0x000000001a360000]
[error occurred during error reporting (printing stack bounds), id 0xc0000005]

Native frames: (J=compiled Java code, j=interpreted, Vv=VM code, C=native code)


Current CompileTask:
C2:2600882 21239 %     4       com.android.tools.r8.ir.optimize.a0::a @ 309 (425 bytes)


---------------  P R O C E S S  ---------------

Java Threads: ( => current thread )
  0x000000002195b800 JavaThread "ForkJoinPool.commonPool-worker-5" daemon [_thread_blocked, id=328, stack(0x0000000035050000,0x0000000035150000)]
  0x0000000021962800 JavaThread "ForkJoinPool.commonPool-worker-4" daemon [_thread_blocked, id=20864, stack(0x0000000034c90000,0x0000000034d90000)]
  0x0000000021961800 JavaThread "ForkJoinPool.commonPool-worker-3" daemon [_thread_blocked, id=12072, stack(0x0000000034b90000,0x0000000034c90000)]
  0x0000000021960000 JavaThread "ForkJoinPool.commonPool-worker-1" daemon [_thread_blocked, id=24052, stack(0x0000000034990000,0x0000000034a90000)]
  0x0000000021958800 JavaThread "ForkJoinPool.commonPool-worker-0" daemon [_thread_blocked, id=9940, stack(0x0000000032680000,0x0000000032780000)]
  0x000000002195f800 JavaThread "ForkJoinPool.commonPool-worker-7" daemon [_thread_blocked, id=20328, stack(0x0000000031bd0000,0x0000000031cd0000)]
  0x000000002195e000 JavaThread "WorkerExecutor Queue Thread 8" [_thread_blocked, id=25556, stack(0x0000000032580000,0x0000000032680000)]
  0x000000002195d000 JavaThread "WorkerExecutor Queue Thread 7" [_thread_blocked, id=25880, stack(0x0000000032480000,0x0000000032580000)]
  0x0000000021955800 JavaThread "WorkerExecutor Queue Thread 6" [_thread_blocked, id=22776, stack(0x0000000032380000,0x0000000032480000)]
  0x0000000021956800 JavaThread "WorkerExecutor Queue Thread 5" [_thread_blocked, id=20916, stack(0x0000000032170000,0x0000000032270000)]
  0x000000002195c800 JavaThread "WorkerExecutor Queue Thread 4" [_thread_blocked, id=23368, stack(0x0000000032070000,0x0000000032170000)]
  0x0000000021958000 JavaThread "RMI TCP Connection(5)-127.0.0.1" daemon [_thread_in_native, id=21992, stack(0x0000000031f70000,0x0000000032070000)]
  0x000000002195a000 JavaThread "stdout" [_thread_in_native, id=11420, stack(0x00000000310c0000,0x00000000311c0000)]
  0x0000000021959800 JavaThread "stderr" [_thread_in_native, id=4356, stack(0x0000000030e80000,0x0000000030f80000)]
  0x000000002194d800 JavaThread "pool-7-thread-1" [_thread_blocked, id=22464, stack(0x0000000030d80000,0x0000000030e80000)]
  0x0000000021954000 JavaThread "WorkerExecutor Queue Thread 3" [_thread_blocked, id=21256, stack(0x0000000030c80000,0x0000000030d80000)]
  0x0000000021953800 JavaThread "WorkerExecutor Queue Thread 2" [_thread_blocked, id=24540, stack(0x0000000030fc0000,0x00000000310c0000)]
  0x0000000021952800 JavaThread "WorkerExecutor Queue" [_thread_blocked, id=1468, stack(0x000000002fe70000,0x000000002ff70000)]
  0x000000002194f000 JavaThread "Cache worker for execution history cache (C:\Users\tatxo\AndroidStudioProjects\TFM\Noisitapp\.gradle\6.5\executionHistory)" [_thread_blocked, id=27172, stack(0x0000000030970000,0x0000000030a70000)]
  0x000000002194c800 JavaThread "Execution worker for ':' Thread 7" [_thread_blocked, id=27388, stack(0x0000000030470000,0x0000000030570000)]
  0x0000000021950800 JavaThread "Execution worker for ':' Thread 6" [_thread_blocked, id=20600, stack(0x0000000030270000,0x0000000030370000)]
  0x000000002194f800 JavaThread "Execution worker for ':' Thread 5" [_thread_blocked, id=26728, stack(0x000000002f470000,0x000000002f570000)]
  0x0000000021952000 JavaThread "Execution worker for ':' Thread 4" [_thread_blocked, id=10488, stack(0x000000002f370000,0x000000002f470000)]
  0x000000002194b000 JavaThread "Execution worker for ':' Thread 3" [_thread_blocked, id=9628, stack(0x000000002f270000,0x000000002f370000)]
  0x000000001c5bb800 JavaThread "Execution worker for ':' Thread 2" [_thread_blocked, id=25664, stack(0x000000002f170000,0x000000002f270000)]
  0x000000001c5ba000 JavaThread "Execution worker for ':'" [_thread_blocked, id=22436, stack(0x000000002ea20000,0x000000002eb20000)]
  0x000000001c5c0000 JavaThread "Cache worker for file content cache (C:\Users\tatxo\AndroidStudioProjects\TFM\Noisitapp\.gradle\6.5\fileContent)" [_thread_blocked, id=22608, stack(0x000000002c470000,0x000000002c570000)]
  0x000000001c5bd000 JavaThread "Cache worker for Build Output Cleanup Cache (C:\Users\tatxo\AndroidStudioProjects\TFM\Noisitapp\.gradle\buildOutputCleanup)" [_thread_blocked, id=20684, stack(0x000000002be50000,0x000000002bf50000)]
  0x000000001c5be800 JavaThread "jar transforms Thread 460" [_thread_blocked, id=26556, stack(0x000000002bd50000,0x000000002be50000)]
  0x0000000020223000 JavaThread "jar transforms Thread 459" [_thread_blocked, id=5080, stack(0x000000002bc50000,0x000000002bd50000)]
  0x0000000020220000 JavaThread "jar transforms Thread 458" [_thread_blocked, id=16856, stack(0x000000002bb50000,0x000000002bc50000)]
  0x0000000020224000 JavaThread "jar transforms Thread 457" [_thread_blocked, id=5700, stack(0x000000002ba50000,0x000000002bb50000)]
  0x0000000020222000 JavaThread "jar transforms Thread 456" [_thread_blocked, id=20828, stack(0x000000002b950000,0x000000002ba50000)]
  0x0000000020224800 JavaThread "jar transforms Thread 455" [_thread_blocked, id=5904, stack(0x000000002b850000,0x000000002b950000)]
  0x0000000020218800 JavaThread "jar transforms Thread 454" [_thread_blocked, id=20672, stack(0x000000002b750000,0x000000002b850000)]
  0x000000002021f000 JavaThread "jar transforms Thread 453" [_thread_blocked, id=16128, stack(0x000000002b650000,0x000000002b750000)]
  0x000000002021a800 JavaThread "jar transforms Thread 452" [_thread_blocked, id=13872, stack(0x000000002b550000,0x000000002b650000)]
  0x000000002021a000 JavaThread "jar transforms Thread 451" [_thread_blocked, id=27408, stack(0x000000002b450000,0x000000002b550000)]
  0x000000002021d000 JavaThread "jar transforms Thread 450" [_thread_blocked, id=7376, stack(0x000000002b250000,0x000000002b350000)]
  0x000000002021b800 JavaThread "jar transforms Thread 449" [_thread_blocked, id=17268, stack(0x000000002b150000,0x000000002b250000)]
  0x000000002021c000 JavaThread "jar transforms Thread 448" [_thread_blocked, id=10068, stack(0x000000002b050000,0x000000002b150000)]
  0x00000000214c4800 JavaThread "jar transforms Thread 447" [_thread_blocked, id=26756, stack(0x000000002af50000,0x000000002b050000)]
  0x00000000214cb000 JavaThread "jar transforms Thread 446" [_thread_blocked, id=27540, stack(0x000000002ae50000,0x000000002af50000)]
  0x00000000214ca800 JavaThread "jar transforms Thread 445" [_thread_blocked, id=24268, stack(0x000000002ad50000,0x000000002ae50000)]
  0x00000000214c9800 JavaThread "jar transforms Thread 444" [_thread_blocked, id=8024, stack(0x000000002ac50000,0x000000002ad50000)]
  0x00000000214bc800 JavaThread "jar transforms Thread 443" [_thread_blocked, id=5948, stack(0x000000002ab50000,0x000000002ac50000)]
  0x00000000214bd800 JavaThread "jar transforms Thread 442" [_thread_blocked, id=27496, stack(0x000000002aa50000,0x000000002ab50000)]
  0x00000000214c3800 JavaThread "jar transforms Thread 441" [_thread_blocked, id=27636, stack(0x000000002a950000,0x000000002aa50000)]
  0x00000000214bc000 JavaThread "jar transforms Thread 440" [_thread_blocked, id=21996, stack(0x000000002a850000,0x000000002a950000)]
  0x00000000214c3000 JavaThread "jar transforms Thread 439" [_thread_blocked, id=23480, stack(0x000000002a750000,0x000000002a850000)]
  0x00000000214c2000 JavaThread "jar transforms Thread 438" [_thread_blocked, id=25868, stack(0x000000002a650000,0x000000002a750000)]
  0x00000000214c1800 JavaThread "jar transforms Thread 437" [_thread_blocked, id=14488, stack(0x000000002a550000,0x000000002a650000)]
  0x00000000214c0800 JavaThread "jar transforms Thread 436" [_thread_blocked, id=27432, stack(0x000000002a450000,0x000000002a550000)]
  0x000000001bc13000 JavaThread "jar transforms Thread 435" [_thread_blocked, id=4456, stack(0x000000002a350000,0x000000002a450000)]
  0x000000001bc0e800 JavaThread "jar transforms Thread 434" [_thread_blocked, id=20112, stack(0x000000002a250000,0x000000002a350000)]
  0x000000001bc12000 JavaThread "jar transforms Thread 433" [_thread_blocked, id=15888, stack(0x000000002a150000,0x000000002a250000)]
  0x000000001bc11800 JavaThread "jar transforms Thread 432" [_thread_blocked, id=2412, stack(0x000000002a050000,0x000000002a150000)]
  0x000000001bc0f000 JavaThread "jar transforms Thread 431" [_thread_blocked, id=26948, stack(0x0000000029f50000,0x000000002a050000)]
  0x000000001bc0d000 JavaThread "jar transforms Thread 430" [_thread_blocked, id=9780, stack(0x0000000029e50000,0x0000000029f50000)]
  0x000000001bc10800 JavaThread "jar transforms Thread 429" [_thread_blocked, id=11748, stack(0x0000000029d50000,0x0000000029e50000)]
  0x000000001bc10000 JavaThread "jar transforms Thread 428" [_thread_blocked, id=19188, stack(0x0000000029c50000,0x0000000029d50000)]
  0x000000001bc0d800 JavaThread "jar transforms Thread 427" [_thread_blocked, id=9728, stack(0x0000000029b50000,0x0000000029c50000)]
  0x000000001bc05000 JavaThread "jar transforms Thread 426" [_thread_blocked, id=20296, stack(0x0000000029a50000,0x0000000029b50000)]
  0x000000001bc0c000 JavaThread "jar transforms Thread 425" [_thread_blocked, id=26024, stack(0x0000000029950000,0x0000000029a50000)]
  0x000000001bc0b800 JavaThread "jar transforms Thread 424" [_thread_blocked, id=24788, stack(0x0000000029850000,0x0000000029950000)]
  0x000000001bc03800 JavaThread "jar transforms Thread 423" [_thread_blocked, id=26632, stack(0x0000000029750000,0x0000000029850000)]
  0x000000001bc0a000 JavaThread "jar transforms Thread 422" [_thread_blocked, id=22064, stack(0x0000000029650000,0x0000000029750000)]
  0x000000002de72800 JavaThread "jar transforms Thread 421" [_thread_blocked, id=18760, stack(0x0000000029550000,0x0000000029650000)]
  0x000000002de71800 JavaThread "jar transforms Thread 420" [_thread_blocked, id=23064, stack(0x0000000029450000,0x0000000029550000)]
  0x000000002de71000 JavaThread "jar transforms Thread 419" [_thread_blocked, id=24044, stack(0x0000000029350000,0x0000000029450000)]
  0x000000002de6b000 JavaThread "jar transforms Thread 418" [_thread_blocked, id=1384, stack(0x0000000029250000,0x0000000029350000)]
  0x000000002de70000 JavaThread "jar transforms Thread 417" [_thread_blocked, id=12276, stack(0x0000000029150000,0x0000000029250000)]
  0x000000002de6f800 JavaThread "jar transforms Thread 416" [_thread_blocked, id=16732, stack(0x0000000029050000,0x0000000029150000)]
  0x000000002de68800 JavaThread "jar transforms Thread 415" [_thread_blocked, id=2252, stack(0x0000000028f50000,0x0000000029050000)]
  0x000000002de6e000 JavaThread "jar transforms Thread 414" [_thread_blocked, id=24072, stack(0x0000000028e50000,0x0000000028f50000)]
  0x000000002de6e800 JavaThread "jar transforms Thread 413" [_thread_blocked, id=27612, stack(0x0000000028d50000,0x0000000028e50000)]
  0x000000002de6c800 JavaThread "jar transforms Thread 412" [_thread_blocked, id=12916, stack(0x0000000028c50000,0x0000000028d50000)]
  0x000000002de65800 JavaThread "jar transforms Thread 411" [_thread_blocked, id=19560, stack(0x0000000028b50000,0x0000000028c50000)]
  0x000000002de6a000 JavaThread "jar transforms Thread 410" [_thread_blocked, id=27216, stack(0x0000000028a50000,0x0000000028b50000)]
  0x000000002de65000 JavaThread "jar transforms Thread 409" [_thread_blocked, id=7284, stack(0x0000000028950000,0x0000000028a50000)]
  0x000000002de68000 JavaThread "jar transforms Thread 408" [_thread_blocked, id=8016, stack(0x0000000028850000,0x0000000028950000)]
  0x000000002de6b800 JavaThread "jar transforms Thread 407" [_thread_blocked, id=576, stack(0x0000000028750000,0x0000000028850000)]
  0x000000002de67000 JavaThread "jar transforms Thread 406" [_thread_blocked, id=11564, stack(0x0000000028650000,0x0000000028750000)]
  0x000000002de64000 JavaThread "jar transforms Thread 405" [_thread_blocked, id=12432, stack(0x0000000028550000,0x0000000028650000)]
  0x000000002de69800 JavaThread "jar transforms Thread 404" [_thread_blocked, id=22360, stack(0x0000000028450000,0x0000000028550000)]
  0x000000002de63800 JavaThread "jar transforms Thread 403" [_thread_blocked, id=21224, stack(0x0000000028350000,0x0000000028450000)]
  0x000000002de66800 JavaThread "jar transforms Thread 402" [_thread_blocked, id=27144, stack(0x0000000028250000,0x0000000028350000)]
  0x0000000023c27800 JavaThread "jar transforms Thread 401" [_thread_blocked, id=14684, stack(0x0000000028150000,0x0000000028250000)]
  0x0000000023c26800 JavaThread "jar transforms Thread 400" [_thread_blocked, id=27036, stack(0x0000000028050000,0x0000000028150000)]
  0x0000000023c1f000 JavaThread "jar transforms Thread 399" [_thread_blocked, id=14548, stack(0x0000000027f50000,0x0000000028050000)]
  0x0000000023c26000 JavaThread "jar transforms Thread 398" [_thread_blocked, id=27476, stack(0x0000000027e50000,0x0000000027f50000)]
  0x0000000023c1e800 JavaThread "jar transforms Thread 397" [_thread_blocked, id=5844, stack(0x0000000027d50000,0x0000000027e50000)]
  0x0000000023c25000 JavaThread "jar transforms Thread 396" [_thread_blocked, id=25452, stack(0x0000000027c50000,0x0000000027d50000)]
  0x0000000023c24800 JavaThread "jar transforms Thread 395" [_thread_blocked, id=7248, stack(0x0000000027b50000,0x0000000027c50000)]
  0x0000000023c23800 JavaThread "jar transforms Thread 394" [_thread_blocked, id=18504, stack(0x0000000027a50000,0x0000000027b50000)]
  0x0000000023c1c000 JavaThread "jar transforms Thread 393" [_thread_blocked, id=5548, stack(0x0000000027950000,0x0000000027a50000)]
  0x0000000023c23000 JavaThread "jar transforms Thread 392" [_thread_blocked, id=23860, stack(0x0000000027850000,0x0000000027950000)]
  0x0000000023c1b800 JavaThread "jar transforms Thread 391" [_thread_blocked, id=25236, stack(0x0000000027750000,0x0000000027850000)]
  0x0000000023c22000 JavaThread "jar transforms Thread 390" [_thread_blocked, id=22696, stack(0x0000000027650000,0x0000000027750000)]
  0x0000000023c20000 JavaThread "jar transforms Thread 389" [_thread_blocked, id=16600, stack(0x0000000027550000,0x0000000027650000)]
  0x0000000023c1d800 JavaThread "jar transforms Thread 388" [_thread_blocked, id=21804, stack(0x0000000027450000,0x0000000027550000)]
  0x0000000023c1a800 JavaThread "jar transforms Thread 387" [_thread_blocked, id=4940, stack(0x0000000027350000,0x0000000027450000)]
  0x0000000023c21800 JavaThread "jar transforms Thread 386" [_thread_blocked, id=14944, stack(0x0000000027250000,0x0000000027350000)]
  0x0000000023c20800 JavaThread "jar transforms Thread 385" [_thread_blocked, id=22624, stack(0x0000000027150000,0x0000000027250000)]
  0x0000000023c1d000 JavaThread "jar transforms Thread 384" [_thread_blocked, id=18620, stack(0x0000000027050000,0x0000000027150000)]
  0x0000000023c1a000 JavaThread "jar transforms Thread 383" [_thread_blocked, id=23652, stack(0x0000000026f50000,0x0000000027050000)]
  0x0000000023c12800 JavaThread "jar transforms Thread 382" [_thread_blocked, id=9836, stack(0x0000000026e50000,0x0000000026f50000)]
  0x0000000023c14000 JavaThread "jar transforms Thread 381" [_thread_blocked, id=10568, stack(0x0000000026d50000,0x0000000026e50000)]
  0x0000000023c17800 JavaThread "jar transforms Thread 380" [_thread_blocked, id=22316, stack(0x0000000026c50000,0x0000000026d50000)]
  0x0000000023c17000 JavaThread "jar transforms Thread 379" [_thread_blocked, id=23568, stack(0x0000000026b50000,0x0000000026c50000)]
  0x0000000023c16000 JavaThread "jar transforms Thread 378" [_thread_blocked, id=27032, stack(0x0000000026a50000,0x0000000026b50000)]
  0x0000000023c19000 JavaThread "jar transforms Thread 377" [_thread_blocked, id=3636, stack(0x0000000026950000,0x0000000026a50000)]
  0x0000000023c15800 JavaThread "jar transforms Thread 376" [_thread_blocked, id=21136, stack(0x0000000026850000,0x0000000026950000)]
  0x0000000023c18800 JavaThread "jar transforms Thread 375" [_thread_blocked, id=6436, stack(0x0000000026750000,0x0000000026850000)]
  0x0000000023c0a800 JavaThread "jar transforms Thread 374" [_thread_blocked, id=23748, stack(0x0000000026650000,0x0000000026750000)]
  0x0000000023c11800 JavaThread "jar transforms Thread 373" [_thread_blocked, id=27588, stack(0x0000000026550000,0x0000000026650000)]
  0x0000000023c0c000 JavaThread "jar transforms Thread 372" [_thread_blocked, id=24500, stack(0x0000000026450000,0x0000000026550000)]
  0x0000000023c10000 JavaThread "jar transforms Thread 371" [_thread_blocked, id=7192, stack(0x0000000026350000,0x0000000026450000)]
  0x0000000023c0e800 JavaThread "jar transforms Thread 370" [_thread_blocked, id=25156, stack(0x0000000026250000,0x0000000026350000)]
  0x0000000023c0b800 JavaThread "jar transforms Thread 369" [_thread_blocked, id=23132, stack(0x0000000026150000,0x0000000026250000)]
  0x0000000023c09000 JavaThread "jar transforms Thread 368" [_thread_blocked, id=27156, stack(0x0000000026050000,0x0000000026150000)]
  0x0000000023c0e000 JavaThread "jar transforms Thread 367" [_thread_blocked, id=22252, stack(0x0000000025f50000,0x0000000026050000)]
  0x0000000023c0f800 JavaThread "jar transforms Thread 366" [_thread_blocked, id=13668, stack(0x0000000025e50000,0x0000000025f50000)]
  0x0000000023c08800 JavaThread "jar transforms Thread 365" [_thread_blocked, id=25428, stack(0x0000000025d50000,0x0000000025e50000)]
  0x000000001f55f000 JavaThread "jar transforms Thread 364" [_thread_blocked, id=6096, stack(0x0000000025c50000,0x0000000025d50000)]
  0x000000001f55d800 JavaThread "jar transforms Thread 363" [_thread_blocked, id=9684, stack(0x0000000025b50000,0x0000000025c50000)]
  0x000000001f55a800 JavaThread "jar transforms Thread 362" [_thread_blocked, id=7752, stack(0x0000000025a50000,0x0000000025b50000)]
  0x000000001f557800 JavaThread "jar transforms Thread 361" [_thread_blocked, id=2016, stack(0x0000000025950000,0x0000000025a50000)]
  0x000000001f55e800 JavaThread "jar transforms Thread 360" [_thread_blocked, id=17764, stack(0x0000000025850000,0x0000000025950000)]
  0x000000001f556000 JavaThread "jar transforms Thread 359" [_thread_blocked, id=19216, stack(0x0000000025750000,0x0000000025850000)]
  0x000000001f55d000 JavaThread "jar transforms Thread 358" [_thread_blocked, id=5732, stack(0x0000000025650000,0x0000000025750000)]
  0x000000001f559000 JavaThread "jar transforms Thread 357" [_thread_blocked, id=4924, stack(0x0000000025550000,0x0000000025650000)]
  0x000000001f55a000 JavaThread "jar transforms Thread 356" [_thread_blocked, id=26328, stack(0x0000000025450000,0x0000000025550000)]
  0x000000001f558800 JavaThread "jar transforms Thread 355" [_thread_blocked, id=25500, stack(0x0000000025350000,0x0000000025450000)]
  0x000000001f55c000 JavaThread "jar transforms Thread 354" [_thread_blocked, id=26120, stack(0x0000000025250000,0x0000000025350000)]
  0x000000001f555000 JavaThread "jar transforms Thread 353" [_thread_blocked, id=27168, stack(0x0000000025150000,0x0000000025250000)]
  0x000000001f55b800 JavaThread "jar transforms Thread 352" [_thread_blocked, id=26180, stack(0x0000000025050000,0x0000000025150000)]
  0x000000001f554800 JavaThread "jar transforms Thread 351" [_thread_blocked, id=17656, stack(0x0000000024f50000,0x0000000025050000)]
  0x000000001f553800 JavaThread "jar transforms Thread 350" [_thread_blocked, id=25580, stack(0x0000000024e50000,0x0000000024f50000)]
  0x000000001f557000 JavaThread "jar transforms Thread 349" [_thread_blocked, id=14360, stack(0x0000000024d50000,0x0000000024e50000)]
  0x000000001f553000 JavaThread "jar transforms Thread 348" [_thread_blocked, id=5912, stack(0x0000000024c50000,0x0000000024d50000)]
  0x000000001f552000 JavaThread "jar transforms Thread 347" [_thread_blocked, id=2576, stack(0x0000000024a50000,0x0000000024b50000)]
  0x000000001f54a800 JavaThread "jar transforms Thread 346" [_thread_blocked, id=19768, stack(0x0000000024950000,0x0000000024a50000)]
  0x000000001f551800 JavaThread "Build operations Thread 8" [_thread_in_Java, id=12904, stack(0x0000000024850000,0x0000000024950000)]
  0x000000001f550800 JavaThread "Build operations Thread 7" [_thread_in_native, id=23296, stack(0x0000000024750000,0x0000000024850000)]
  0x000000001f54e800 JavaThread "Build operations Thread 6" [_thread_in_Java, id=25364, stack(0x0000000024650000,0x0000000024750000)]
  0x000000001f54c000 JavaThread "Build operations Thread 5" [_thread_in_Java, id=14768, stack(0x0000000024550000,0x0000000024650000)]
  0x000000001f54b800 JavaThread "Build operations Thread 4" [_thread_in_vm, id=25104, stack(0x0000000024450000,0x0000000024550000)]
  0x000000001f54f000 JavaThread "Build operations Thread 3" [_thread_blocked, id=25560, stack(0x0000000024350000,0x0000000024450000)]
  0x000000001f550000 JavaThread "Build operations Thread 2" [_thread_in_Java, id=23648, stack(0x0000000022b80000,0x0000000022c80000)]
  0x000000001f54d800 JavaThread "Build operations" [_thread_blocked, id=5724, stack(0x0000000022380000,0x0000000022480000)]
  0x000000001f54d000 JavaThread "Cache worker for cache directory md-rule (C:\Users\tatxo\.gradle\caches\6.5\md-rule)" [_thread_blocked, id=14292, stack(0x00000000211d0000,0x00000000212d0000)]
  0x000000001f543000 JavaThread "Cache worker for cache directory md-supplier (C:\Users\tatxo\.gradle\caches\6.5\md-supplier)" [_thread_blocked, id=17468, stack(0x0000000020e50000,0x0000000020f50000)]
  0x000000001f54a000 JavaThread "Cache worker for checksums cache (C:\Users\tatxo\AndroidStudioProjects\TFM\Noisitapp\.gradle\checksums)" [_thread_blocked, id=11240, stack(0x0000000020b50000,0x0000000020c50000)]
  0x000000001f542800 JavaThread "Cache worker for file hash cache (C:\Users\tatxo\AndroidStudioProjects\TFM\Noisitapp\.gradle\6.5\fileHashes)" [_thread_blocked, id=2268, stack(0x000000001e3b0000,0x000000001e4b0000)]
  0x000000001f549000 JavaThread "Thread-459" [_thread_blocked, id=20384, stack(0x000000001e0b0000,0x000000001e1b0000)]
  0x000000001f541800 JavaThread "Stdin handler" [_thread_blocked, id=7632, stack(0x000000001dfb0000,0x000000001e0b0000)]
  0x000000001f547000 JavaThread "Asynchronous log dispatcher for DefaultDaemonConnection: socket connection from /127.0.0.1:61263 to /127.0.0.1:62121" [_thread_blocked, id=6404, stack(0x000000001deb0000,0x000000001dfb0000)]
  0x000000001f546000 JavaThread "Daemon worker Thread 4" [_thread_blocked, id=13396, stack(0x000000001ddb0000,0x000000001deb0000)]
  0x000000001f547800 JavaThread "Cancel handler" [_thread_blocked, id=15992, stack(0x000000001d740000,0x000000001d840000)]
  0x000000001f544800 JavaThread "Handler for socket connection from /127.0.0.1:61263 to /127.0.0.1:62121" [_thread_in_native, id=12412, stack(0x000000001d640000,0x000000001d740000)]
  0x000000001f541000 JavaThread "Daemon Thread 4" [_thread_blocked, id=7176, stack(0x0000000000e00000,0x0000000000f00000)]
  0x000000001f540000 JavaThread "RMI TCP Connection(4)-127.0.0.1" daemon [_thread_in_native, id=20800, stack(0x0000000000d00000,0x0000000000e00000)]
  0x00000000214c9000 JavaThread "Cache worker for Java compile cache (C:\Users\tatxo\.gradle\caches\6.5\javaCompile)" [_thread_blocked, id=1664, stack(0x0000000030370000,0x0000000030470000)]
  0x00000000214c8000 JavaThread "RMI Reaper" [_thread_blocked, id=23700, stack(0x0000000030170000,0x0000000030270000)]
  0x00000000214c5000 JavaThread "RMI TCP Accept-0" daemon [_thread_in_native, id=17124, stack(0x0000000030070000,0x0000000030170000)]
  0x00000000214c6000 JavaThread "GC Daemon" daemon [_thread_blocked, id=22708, stack(0x000000002ff70000,0x0000000030070000)]
  0x00000000214c7800 JavaThread "RMI Scheduler(0)" daemon [_thread_blocked, id=26448, stack(0x000000002fd70000,0x000000002fe70000)]
  0x0000000020219000 JavaThread "Memory manager" [_thread_blocked, id=8712, stack(0x000000002c150000,0x000000002c250000)]
  0x000000001c5be000 JavaThread "Cache worker for file content cache (C:\Users\tatxo\.gradle\caches\6.5\fileContent)" [_thread_blocked, id=27556, stack(0x0000000022c80000,0x0000000022d80000)]
  0x000000001c5bf800 JavaThread "Cache worker for execution history cache (C:\Users\tatxo\.gradle\caches\6.5\executionHistory)" [_thread_blocked, id=27248, stack(0x0000000022480000,0x0000000022580000)]
  0x000000001c5b9800 JavaThread "Cache worker for file hash cache (C:\Users\tatxo\.gradle\caches\6.5\fileHashes)" [_thread_blocked, id=24792, stack(0x000000001e8b0000,0x000000001e9b0000)]
  0x000000001c5bc800 JavaThread "File lock request listener" [_thread_in_native, id=24004, stack(0x000000001e7b0000,0x000000001e8b0000)]
  0x000000001c3af000 JavaThread "Cache worker for journal cache (C:\Users\tatxo\.gradle\caches\journal-1)" [_thread_blocked, id=16640, stack(0x000000001e6b0000,0x000000001e7b0000)]
  0x000000001c26b800 JavaThread "Daemon periodic checks" [_thread_blocked, id=24524, stack(0x000000001dab0000,0x000000001dbb0000)]
  0x000000001c251000 JavaThread "Incoming local TCP Connector on port 61263" [_thread_in_native, id=17140, stack(0x000000001d840000,0x000000001d940000)]
  0x000000001c1d8000 JavaThread "Daemon health stats" [_thread_blocked, id=11452, stack(0x000000001d200000,0x000000001d300000)]
  0x0000000019a05000 JavaThread "Service Thread" daemon [_thread_blocked, id=3152, stack(0x000000001a660000,0x000000001a760000)]
  0x0000000019988000 JavaThread "C1 CompilerThread3" daemon [_thread_blocked, id=4480, stack(0x000000001a560000,0x000000001a660000)]
  0x0000000019978000 JavaThread "C2 CompilerThread2" daemon [_thread_in_native, id=2216, stack(0x000000001a460000,0x000000001a560000)]
  0x0000000017b7d000 JavaThread "C2 CompilerThread1" daemon [_thread_in_native, id=26832, stack(0x000000001a360000,0x000000001a460000)]
=>0x0000000019972000 JavaThread "C2 CompilerThread0" daemon [_thread_in_native, id=12996, stack(0x000000001a260000,0x000000001a360000)]
  0x0000000019971000 JavaThread "Attach Listener" daemon [_thread_blocked, id=1776, stack(0x000000001a160000,0x000000001a260000)]
  0x0000000019970000 JavaThread "Signal Dispatcher" daemon [_thread_blocked, id=9996, stack(0x000000001a060000,0x000000001a160000)]
  0x0000000002a4d800 JavaThread "Finalizer" daemon [_thread_blocked, id=1524, stack(0x0000000019e40000,0x0000000019f40000)]
  0x0000000002a47000 JavaThread "Reference Handler" daemon [_thread_blocked, id=24932, stack(0x0000000019d40000,0x0000000019e40000)]
  0x0000000002afd800 JavaThread "main" [_thread_blocked, id=25548, stack(0x0000000002810000,0x0000000002910000)]

Other Threads:
  0x0000000017b66000 VMThread [stack: 0x0000000019840000,0x0000000019940000] [id=15112]
  0x0000000019a05800 WatcherThread [stack: 0x000000001a760000,0x000000001a860000] [id=25568]

VM state:not at safepoint (normal execution)

VM Mutex/Monitor currently owned by a thread: None

heap address: 0x0000000080000000, size: 2048 MB, Compressed Oops mode: 32-bit
Narrow klass base: 0x0000000000000000, Narrow klass shift: 3
Compressed class space size: 1073741824 Address: 0x0000000100000000

Heap:
 PSYoungGen      total 485376K, used 334347K [0x00000000d5580000, 0x0000000100000000, 0x0000000100000000)
  eden space 371200K, 90% used [0x00000000d5580000,0x00000000e9c02c80,0x00000000ec000000)
  from space 114176K, 0% used [0x00000000ec000000,0x00000000ec000000,0x00000000f2f80000)
  to   space 108544K, 0% used [0x00000000f9600000,0x00000000f9600000,0x0000000100000000)
 ParOldGen       total 439296K, used 110595K [0x0000000080000000, 0x000000009ad00000, 0x00000000d5580000)
  object space 439296K, 25% used [0x0000000080000000,0x0000000086c00d58,0x000000009ad00000)
 Metaspace       used 103099K, capacity 108752K, committed 109336K, reserved 1144832K
  class space    used 13448K, capacity 14472K, committed 14640K, reserved 1048576K

Card table byte_map: [0x0000000011ec0000,0x00000000122d0000] byte_map_base: 0x0000000011ac0000

Marking Bits: (ParMarkBitMap*) 0x000000005c4ff030
 Begin Bits: [0x0000000012d80000, 0x0000000014d80000)
 End Bits:   [0x0000000014d80000, 0x0000000016d80000)

Polling page: 0x0000000000fb0000

CodeCache: size=245760Kb used=60574Kb max_used=60574Kb free=185185Kb
 bounds [0x0000000002b00000, 0x0000000006670000, 0x0000000011b00000]
 total_blobs=18265 nmethods=17351 adapters=824
 compilation: enabled

Compilation events (10 events):
Event: 2600.870 Thread 0x0000000019988000 21382       2       com.android.tools.r8.s.b.i1::i (36 bytes)
Event: 2600.871 Thread 0x0000000019988000 nmethod 21382 0x0000000006668e10 code [0x0000000006668fa0, 0x0000000006669208]
Event: 2600.871 Thread 0x0000000019988000 21381       1       com.android.tools.r8.s.b.k0::a (2 bytes)
Event: 2600.871 Thread 0x0000000019988000 nmethod 21381 0x0000000006669310 code [0x0000000006669460, 0x0000000006669570]
Event: 2600.873 Thread 0x0000000019988000 21384       2       com.android.tools.r8.s.b.h::a (521 bytes)
Event: 2600.875 Thread 0x0000000019988000 nmethod 21384 0x00000000066695d0 code [0x0000000006669960, 0x000000000666a898]
Event: 2600.876 Thread 0x0000000019988000 21386       2       com.android.tools.r8.p.n.a::a (175 bytes)
Event: 2600.878 Thread 0x0000000019988000 nmethod 21386 0x000000000666b750 code [0x000000000666ba20, 0x000000000666c808]
Event: 2600.878 Thread 0x0000000019988000 21387       1       com.android.tools.r8.s.b.a::I2 (2 bytes)
Event: 2600.879 Thread 0x0000000019988000 nmethod 21387 0x000000000666d550 code [0x000000000666d6a0, 0x000000000666d7b0]

GC Heap History (10 events):
Event: 2595.545 GC heap before
{Heap before GC invocations=24 (full 4):
 PSYoungGen      total 332288K, used 332281K [0x00000000d5580000, 0x00000000eea00000, 0x0000000100000000)
  eden space 294400K, 100% used [0x00000000d5580000,0x00000000e7500000,0x00000000e7500000)
  from space 37888K, 99% used [0x00000000e7500000,0x00000000e99fe428,0x00000000e9a00000)
  to   space 46080K, 0% used [0x00000000ebd00000,0x00000000ebd00000,0x00000000eea00000)
 ParOldGen       total 333824K, used 83955K [0x0000000080000000, 0x0000000094600000, 0x00000000d5580000)
  object space 333824K, 25% used [0x0000000080000000,0x00000000851fcca8,0x0000000094600000)
 Metaspace       used 101423K, capacity 106742K, committed 107032K, reserved 1142784K
  class space    used 13297K, capacity 14309K, committed 14384K, reserved 1048576K
Event: 2595.621 GC heap after
Heap after GC invocations=24 (full 4):
 PSYoungGen      total 347136K, used 46073K [0x00000000d5580000, 0x00000000f2a00000, 0x0000000100000000)
  eden space 301056K, 0% used [0x00000000d5580000,0x00000000d5580000,0x00000000e7b80000)
  from space 46080K, 99% used [0x00000000ebd00000,0x00000000ee9fe5a8,0x00000000eea00000)
  to   space 67072K, 0% used [0x00000000e7b80000,0x00000000e7b80000,0x00000000ebd00000)
 ParOldGen       total 333824K, used 121415K [0x0000000080000000, 0x0000000094600000, 0x00000000d5580000)
  object space 333824K, 36% used [0x0000000080000000,0x0000000087691d80,0x0000000094600000)
 Metaspace       used 101423K, capacity 106742K, committed 107032K, reserved 1142784K
  class space    used 13297K, capacity 14309K, committed 14384K, reserved 1048576K
}
Event: 2596.262 GC heap before
{Heap before GC invocations=25 (full 4):
 PSYoungGen      total 347136K, used 347129K [0x00000000d5580000, 0x00000000f2a00000, 0x0000000100000000)
  eden space 301056K, 100% used [0x00000000d5580000,0x00000000e7b80000,0x00000000e7b80000)
  from space 46080K, 99% used [0x00000000ebd00000,0x00000000ee9fe5a8,0x00000000eea00000)
  to   space 67072K, 0% used [0x00000000e7b80000,0x00000000e7b80000,0x00000000ebd00000)
 ParOldGen       total 333824K, used 121415K [0x0000000080000000, 0x0000000094600000, 0x00000000d5580000)
  object space 333824K, 36% used [0x0000000080000000,0x0000000087691d80,0x0000000094600000)
 Metaspace       used 101487K, capacity 106758K, committed 107032K, reserved 1142784K
  class space    used 13301K, capacity 14311K, committed 14384K, reserved 1048576K
Event: 2596.382 GC heap after
Heap after GC invocations=25 (full 4):
 PSYoungGen      total 368128K, used 67066K [0x00000000d5580000, 0x00000000f9080000, 0x0000000100000000)
  eden space 301056K, 0% used [0x00000000d5580000,0x00000000d5580000,0x00000000e7b80000)
  from space 67072K, 99% used [0x00000000e7b80000,0x00000000ebcfe880,0x00000000ebd00000)
  to   space 99328K, 0% used [0x00000000f2f80000,0x00000000f2f80000,0x00000000f9080000)
 ParOldGen       total 333824K, used 179704K [0x0000000080000000, 0x0000000094600000, 0x00000000d5580000)
  object space 333824K, 53% used [0x0000000080000000,0x000000008af7e380,0x0000000094600000)
 Metaspace       used 101487K, capacity 106758K, committed 107032K, reserved 1142784K
  class space    used 13301K, capacity 14311K, committed 14384K, reserved 1048576K
}
Event: 2598.082 GC heap before
{Heap before GC invocations=26 (full 4):
 PSYoungGen      total 368128K, used 368122K [0x00000000d5580000, 0x00000000f9080000, 0x0000000100000000)
  eden space 301056K, 100% used [0x00000000d5580000,0x00000000e7b80000,0x00000000e7b80000)
  from space 67072K, 99% used [0x00000000e7b80000,0x00000000ebcfe880,0x00000000ebd00000)
  to   space 99328K, 0% used [0x00000000f2f80000,0x00000000f2f80000,0x00000000f9080000)
 ParOldGen       total 333824K, used 179704K [0x0000000080000000, 0x0000000094600000, 0x00000000d5580000)
  object space 333824K, 53% used [0x0000000080000000,0x000000008af7e380,0x0000000094600000)
 Metaspace       used 102901K, capacity 108582K, committed 108824K, reserved 1142784K
  class space    used 13484K, capacity 14529K, committed 14640K, reserved 1048576K
Event: 2598.222 GC heap after
Heap after GC invocations=26 (full 4):
 PSYoungGen      total 470528K, used 92320K [0x00000000d5580000, 0x00000000fb000000, 0x0000000100000000)
  eden space 371200K, 0% used [0x00000000d5580000,0x00000000d5580000,0x00000000ec000000)
  from space 99328K, 92% used [0x00000000f2f80000,0x00000000f89a81f8,0x00000000f9080000)
  to   space 114176K, 0% used [0x00000000ec000000,0x00000000ec000000,0x00000000f2f80000)
 ParOldGen       total 333824K, used 205408K [0x0000000080000000, 0x0000000094600000, 0x00000000d5580000)
  object space 333824K, 61% used [0x0000000080000000,0x000000008c8982f8,0x0000000094600000)
 Metaspace       used 102901K, capacity 108582K, committed 108824K, reserved 1142784K
  class space    used 13484K, capacity 14529K, committed 14640K, reserved 1048576K
}
Event: 2599.065 GC heap before
{Heap before GC invocations=27 (full 4):
 PSYoungGen      total 470528K, used 463520K [0x00000000d5580000, 0x00000000fb000000, 0x0000000100000000)
  eden space 371200K, 100% used [0x00000000d5580000,0x00000000ec000000,0x00000000ec000000)
  from space 99328K, 92% used [0x00000000f2f80000,0x00000000f89a81f8,0x00000000f9080000)
  to   space 114176K, 0% used [0x00000000ec000000,0x00000000ec000000,0x00000000f2f80000)
 ParOldGen       total 333824K, used 205408K [0x0000000080000000, 0x0000000094600000, 0x00000000d5580000)
  object space 333824K, 61% used [0x0000000080000000,0x000000008c8982f8,0x0000000094600000)
 Metaspace       used 103215K, capacity 109062K, committed 109336K, reserved 1144832K
  class space    used 13505K, capacity 14577K, committed 14640K, reserved 1048576K
Event: 2599.175 GC heap after
Heap after GC invocations=27 (full 4):
 PSYoungGen      total 485376K, used 30798K [0x00000000d5580000, 0x0000000100000000, 0x0000000100000000)
  eden space 371200K, 0% used [0x00000000d5580000,0x00000000d5580000,0x00000000ec000000)
  from space 114176K, 26% used [0x00000000ec000000,0x00000000ede13a60,0x00000000f2f80000)
  to   space 108544K, 0% used [0x00000000f9600000,0x00000000f9600000,0x0000000100000000)
 ParOldGen       total 333824K, used 281043K [0x0000000080000000, 0x0000000094600000, 0x00000000d5580000)
  object space 333824K, 84% used [0x0000000080000000,0x0000000091274f68,0x0000000094600000)
 Metaspace       used 103215K, capacity 109062K, committed 109336K, reserved 1144832K
  class space    used 13505K, capacity 14577K, committed 14640K, reserved 1048576K
}
Event: 2599.175 GC heap before
{Heap before GC invocations=28 (full 5):
 PSYoungGen      total 485376K, used 30798K [0x00000000d5580000, 0x0000000100000000, 0x0000000100000000)
  eden space 371200K, 0% used [0x00000000d5580000,0x00000000d5580000,0x00000000ec000000)
  from space 114176K, 26% used [0x00000000ec000000,0x00000000ede13a60,0x00000000f2f80000)
  to   space 108544K, 0% used [0x00000000f9600000,0x00000000f9600000,0x0000000100000000)
 ParOldGen       total 333824K, used 281043K [0x0000000080000000, 0x0000000094600000, 0x00000000d5580000)
  object space 333824K, 84% used [0x0000000080000000,0x0000000091274f68,0x0000000094600000)
 Metaspace       used 103215K, capacity 109062K, committed 109336K, reserved 1144832K
  class space    used 13505K, capacity 14577K, committed 14640K, reserved 1048576K
Event: 2599.615 GC heap after
Heap after GC invocations=28 (full 5):
 PSYoungGen      total 485376K, used 0K [0x00000000d5580000, 0x0000000100000000, 0x0000000100000000)
  eden space 371200K, 0% used [0x00000000d5580000,0x00000000d5580000,0x00000000ec000000)
  from space 114176K, 0% used [0x00000000ec000000,0x00000000ec000000,0x00000000f2f80000)
  to   space 108544K, 0% used [0x00000000f9600000,0x00000000f9600000,0x0000000100000000)
 ParOldGen       total 439296K, used 110595K [0x0000000080000000, 0x000000009ad00000, 0x00000000d5580000)
  object space 439296K, 25% used [0x0000000080000000,0x0000000086c00d58,0x000000009ad00000)
 Metaspace       used 103046K, capacity 108674K, committed 109336K, reserved 1144832K
  class space    used 13447K, capacity 14471K, committed 14640K, reserved 1048576K
}

Deoptimization events (10 events):
Event: 2598.864 Thread 0x000000001f550000 Uncommon trap: reason=unstable_if action=reinterpret pc=0x0000000005fb6e64 method=com.android.builder.dexing.ClassFileInput.lambda$static$0(Ljava/lang/String;)Z @ 37
Event: 2599.772 Thread 0x000000001f551800 Uncommon trap: reason=class_check action=maybe_recompile pc=0x000000000657deac method=com.android.tools.r8.ir.optimize.K.a(Lcom/android/tools/r8/s/b/k0;)Z @ 93
Event: 2599.772 Thread 0x000000001f551800 Uncommon trap: reason=class_check action=maybe_recompile pc=0x000000000657deac method=com.android.tools.r8.ir.optimize.K.a(Lcom/android/tools/r8/s/b/k0;)Z @ 93
Event: 2599.881 Thread 0x000000001f551800 Uncommon trap: reason=class_check action=maybe_recompile pc=0x000000000657deac method=com.android.tools.r8.ir.optimize.K.a(Lcom/android/tools/r8/s/b/k0;)Z @ 93
Event: 2599.883 Thread 0x000000001f551800 Uncommon trap: reason=class_check action=maybe_recompile pc=0x000000000657deac method=com.android.tools.r8.ir.optimize.K.a(Lcom/android/tools/r8/s/b/k0;)Z @ 93
Event: 2600.077 Thread 0x000000001f54b800 Uncommon trap: reason=uninitialized action=reinterpret pc=0x0000000004c28968 method=com.android.tools.r8.graph.l0.a(Lcom/android/tools/r8/graph/j0;)Lcom/android/tools/r8/graph/l0; @ 127
Event: 2600.077 Thread 0x000000001f54b800 Uncommon trap: reason=uninitialized action=reinterpret pc=0x000000000489da60 method=com.android.tools.r8.graph.l0.a(Lcom/android/tools/r8/graph/j0;)Lcom/android/tools/r8/graph/l0; @ 127
Event: 2600.221 Thread 0x000000001f550000 Uncommon trap: reason=unstable_if action=reinterpret pc=0x0000000005fb2eb0 method=com.android.builder.dexing.ClassFileInput.lambda$static$0(Ljava/lang/String;)Z @ 37
Event: 2600.591 Thread 0x000000001f550000 Uncommon trap: reason=unstable_if action=reinterpret pc=0x0000000006291130 method=com.android.tools.r8.graph.I0$c.a()V @ 209
Event: 2600.692 Thread 0x000000001f54e800 Uncommon trap: reason=unstable_if action=reinterpret pc=0x0000000005194128 method=com.android.tools.r8.t.a.a.a.f.X$e.contains(Ljava/lang/Object;)Z @ 124

Classes redefined (0 events):
No events

Internal exceptions (10 events):
Event: 2599.852 Thread 0x000000001f550800 Exception <a 'sun/nio/fs/WindowsException'> (0x00000000d7903f00) thrown at [C:\src\AOSP-openjdk-git\hotspot\src\share\vm\prims\jni.cpp, line 710]
Event: 2599.979 Thread 0x000000001f54e800 Exception <a 'sun/nio/fs/WindowsException'> (0x00000000d9422a08) thrown at [C:\src\AOSP-openjdk-git\hotspot\src\share\vm\prims\jni.cpp, line 710]
Event: 2599.993 Thread 0x000000001f550000 Exception <a 'sun/nio/fs/WindowsException'> (0x00000000d974be68) thrown at [C:\src\AOSP-openjdk-git\hotspot\src\share\vm\prims\jni.cpp, line 710]
Event: 2600.079 Thread 0x000000001f54b800 Exception <a 'sun/nio/fs/WindowsException'> (0x00000000da4d4860) thrown at [C:\src\AOSP-openjdk-git\hotspot\src\share\vm\prims\jni.cpp, line 710]
Event: 2600.180 Thread 0x000000001f550800 Exception <a 'sun/nio/fs/WindowsException'> (0x00000000dbb54808) thrown at [C:\src\AOSP-openjdk-git\hotspot\src\share\vm\prims\jni.cpp, line 710]
Event: 2600.287 Thread 0x000000001f54e800 Exception <a 'sun/nio/fs/WindowsException'> (0x00000000dd2d9070) thrown at [C:\src\AOSP-openjdk-git\hotspot\src\share\vm\prims\jni.cpp, line 710]
Event: 2600.359 Thread 0x000000001f54c000 Exception <a 'sun/nio/fs/WindowsException'> (0x00000000dd174660) thrown at [C:\src\AOSP-openjdk-git\hotspot\src\share\vm\prims\jni.cpp, line 710]
Event: 2600.524 Thread 0x000000001f550800 Exception <a 'sun/nio/fs/WindowsException'> (0x00000000e131e7a0) thrown at [C:\src\AOSP-openjdk-git\hotspot\src\share\vm\prims\jni.cpp, line 710]
Event: 2600.557 Thread 0x000000001f550000 Exception <a 'sun/nio/fs/WindowsException'> (0x00000000e25be198) thrown at [C:\src\AOSP-openjdk-git\hotspot\src\share\vm\prims\jni.cpp, line 710]
Event: 2600.783 Thread 0x000000001f550800 Exception <a 'sun/nio/fs/WindowsException'> (0x00000000e7e2b8b0) thrown at [C:\src\AOSP-openjdk-git\hotspot\src\share\vm\prims\jni.cpp, line 710]

Events (10 events):
Event: 2600.756 Thread 0x000000001f550800 DEOPT PACKING pc=0x0000000005116ae5 sp=0x000000002484a3d0
Event: 2600.756 Thread 0x000000001f550800 DEOPT UNPACKING pc=0x0000000002b475d0 sp=0x000000002484a528 mode 0
Event: 2600.764 Thread 0x000000001f54c000 DEOPT PACKING pc=0x00000000051b35e1 sp=0x000000002464a680
Event: 2600.764 Thread 0x000000001f54c000 DEOPT UNPACKING pc=0x0000000002b475d0 sp=0x000000002464a660 mode 0
Event: 2600.789 Executing VM operation: ForceSafepoint
Event: 2600.792 Executing VM operation: ForceSafepoint done
Event: 2600.852 Thread 0x000000001f550000 DEOPT PACKING pc=0x00000000051b35e1 sp=0x0000000022c7acc0
Event: 2600.852 Thread 0x000000001f550000 DEOPT UNPACKING pc=0x0000000002b475d0 sp=0x0000000022c7aca0 mode 0
Event: 2600.868 Thread 0x000000001f550000 DEOPT PACKING pc=0x0000000006007297 sp=0x0000000022c7b0d0
Event: 2600.868 Thread 0x000000001f550000 DEOPT UNPACKING pc=0x0000000002b475d0 sp=0x0000000022c7b1d0 mode 0


Dynamic libraries:
0x00007ff7e7f20000 - 0x00007ff7e7f51000 	C:\Program Files\Android\Android Studio1\jre\bin\java.exe
0x00007ffad4470000 - 0x00007ffad4665000 	C:\WINDOWS\SYSTEM32\ntdll.dll
0x00007ffad25e0000 - 0x00007ffad269d000 	C:\WINDOWS\System32\KERNEL32.DLL
0x00007ffad2090000 - 0x00007ffad2359000 	C:\WINDOWS\System32\KERNELBASE.dll
0x00007ffad3f20000 - 0x00007ffad3fcc000 	C:\WINDOWS\System32\ADVAPI32.dll
0x00007ffad3ae0000 - 0x00007ffad3b7e000 	C:\WINDOWS\System32\msvcrt.dll
0x00007ffad3dd0000 - 0x00007ffad3e6c000 	C:\WINDOWS\System32\sechost.dll
0x00007ffad4030000 - 0x00007ffad415b000 	C:\WINDOWS\System32\RPCRT4.dll
0x00007ffad26a0000 - 0x00007ffad2840000 	C:\WINDOWS\System32\USER32.dll
0x00007ffad1ec0000 - 0x00007ffad1ee2000 	C:\WINDOWS\System32\win32u.dll
0x00007ffad42a0000 - 0x00007ffad42ca000 	C:\WINDOWS\System32\GDI32.dll
0x00007ffad1f50000 - 0x00007ffad205b000 	C:\WINDOWS\System32\gdi32full.dll
0x00007ffad2430000 - 0x00007ffad24cd000 	C:\WINDOWS\System32\msvcp_win.dll
0x00007ffad1bb0000 - 0x00007ffad1cb0000 	C:\WINDOWS\System32\ucrtbase.dll
0x00007ffabcef0000 - 0x00007ffabd18a000 	C:\WINDOWS\WinSxS\amd64_microsoft.windows.common-controls_6595b64144ccf1df_6.0.19041.844_none_ca00b6081b84eb1d\COMCTL32.dll
0x00007ffad24e0000 - 0x00007ffad2510000 	C:\WINDOWS\System32\IMM32.DLL
0x0000000058f10000 - 0x0000000058fe2000 	C:\Program Files\Android\Android Studio1\jre\jre\bin\msvcr100.dll
0x000000005bd30000 - 0x000000005c57b000 	C:\Program Files\Android\Android Studio1\jre\jre\bin\server\jvm.dll
0x00007ffad43b0000 - 0x00007ffad43b8000 	C:\WINDOWS\System32\PSAPI.DLL
0x00007ffac3960000 - 0x00007ffac3987000 	C:\WINDOWS\SYSTEM32\WINMM.dll
0x00007ffabaf80000 - 0x00007ffabaf89000 	C:\WINDOWS\SYSTEM32\WSOCK32.dll
0x00007ffac12d0000 - 0x00007ffac12da000 	C:\WINDOWS\SYSTEM32\VERSION.dll
0x00007ffad43c0000 - 0x00007ffad442b000 	C:\WINDOWS\System32\WS2_32.dll
0x00007ffacb3a0000 - 0x00007ffacb3af000 	C:\Program Files\Android\Android Studio1\jre\jre\bin\verify.dll
0x00007ffac9270000 - 0x00007ffac9299000 	C:\Program Files\Android\Android Studio1\jre\jre\bin\java.dll
0x00007ffac7480000 - 0x00007ffac7496000 	C:\Program Files\Android\Android Studio1\jre\jre\bin\zip.dll
0x00007ffad2ee0000 - 0x00007ffad3622000 	C:\WINDOWS\System32\SHELL32.dll
0x00007ffacfd10000 - 0x00007ffad04a0000 	C:\WINDOWS\SYSTEM32\windows.storage.dll
0x00007ffad3630000 - 0x00007ffad3985000 	C:\WINDOWS\System32\combase.dll
0x00007ffad1620000 - 0x00007ffad164c000 	C:\WINDOWS\SYSTEM32\Wldp.dll
0x00007ffad41d0000 - 0x00007ffad427e000 	C:\WINDOWS\System32\SHCORE.dll
0x00007ffad3fd0000 - 0x00007ffad4025000 	C:\WINDOWS\System32\shlwapi.dll
0x00007ffad1af0000 - 0x00007ffad1b0f000 	C:\WINDOWS\SYSTEM32\profapi.dll
0x00007ffac34f0000 - 0x00007ffac350a000 	C:\Program Files\Android\Android Studio1\jre\jre\bin\net.dll
0x00007ffad13a0000 - 0x00007ffad140a000 	C:\WINDOWS\system32\mswsock.dll
0x00007ffac3480000 - 0x00007ffac3493000 	C:\Program Files\Android\Android Studio1\jre\jre\bin\nio.dll
0x00007ffabb360000 - 0x00007ffabb387000 	C:\Users\tatxo\.gradle\native\f6784746aeab05261644944871eae4fe03e0ef1612fff0a4a95f87b438bc6780\windows-amd64\native-platform.dll
0x00007ffacb360000 - 0x00007ffacb36d000 	C:\Program Files\Android\Android Studio1\jre\jre\bin\management.dll
0x00007ffad1570000 - 0x00007ffad1588000 	C:\WINDOWS\SYSTEM32\CRYPTSP.dll
0x00007ffad0cd0000 - 0x00007ffad0d04000 	C:\WINDOWS\system32\rsaenh.dll
0x00007ffad2060000 - 0x00007ffad2087000 	C:\WINDOWS\System32\bcrypt.dll
0x00007ffad1ab0000 - 0x00007ffad1ade000 	C:\WINDOWS\SYSTEM32\USERENV.dll
0x00007ffad2360000 - 0x00007ffad23e0000 	C:\WINDOWS\System32\bcryptprimitives.dll
0x00007ffad1590000 - 0x00007ffad159c000 	C:\WINDOWS\SYSTEM32\CRYPTBASE.dll
0x00007ffad1040000 - 0x00007ffad107b000 	C:\WINDOWS\SYSTEM32\IPHLPAPI.DLL
0x00007ffad41c0000 - 0x00007ffad41c8000 	C:\WINDOWS\System32\NSI.dll
0x00007ffac9170000 - 0x00007ffac9187000 	C:\WINDOWS\SYSTEM32\dhcpcsvc6.DLL
0x00007ffac9af0000 - 0x00007ffac9b0d000 	C:\WINDOWS\SYSTEM32\dhcpcsvc.DLL
0x00007ffad1080000 - 0x00007ffad114b000 	C:\WINDOWS\SYSTEM32\DNSAPI.dll
0x00007ffacaa60000 - 0x00007ffacaa6b000 	C:\WINDOWS\SYSTEM32\WINNSI.DLL
0x00007ffac3650000 - 0x00007ffac366e000 	C:\Users\tatxo\AppData\Local\Temp\native-platform5547195822818796103dir\native-platform.dll

VM Arguments:
jvm_args: -Xmx2048m -Dfile.encoding=windows-1252 -Duser.country=ES -Duser.language=es -Duser.variant 
java_command: org.gradle.launcher.daemon.bootstrap.GradleDaemon 6.5
java_class_path (initial): C:\Users\tatxo\.gradle\wrapper\dists\gradle-6.5-bin\6nifqtx7604sqp1q6g8wikw7p\gradle-6.5\lib\gradle-launcher-6.5.jar
Launcher Type: SUN_STANDARD

Environment Variables:
PATH=C:\WINDOWS\system32;C:\WINDOWS;C:\WINDOWS\System32\Wbem;C:\WINDOWS\System32\WindowsPowerShell\v1.0\;C:\WINDOWS\System32\OpenSSH\;D:\Program Files\MATLAB\R2017b\runtime\win64;D:\Program Files\MATLAB\R2017b\bin;C:\Program Files\MATLAB\R2017b\runtime\win64;C:\Program Files\MATLAB\R2017b\bin;C:\Program Files\PuTTY\;D:\bin;C:\Python\Python37\Scripts\;C:\Python\Python37\;C:\Users\tatxo\AppData\Local\Microsoft\WindowsApps;C:\Users\tatxo\AppData\Local\atom\bin;C:\Users\tatxo\AppData\Local\Programs\Microsoft VS Code\bin;C:\Python38\Scripts;C:\Python38;C:\Users\tatxo\AppData\Local\Microsoft\WindowsApps;C:\Users\tatxo\AppData\Local\GitHubDesktop\bin
USERNAME=tatxo
OS=Windows_NT
PROCESSOR_IDENTIFIER=Intel64 Family 6 Model 158 Stepping 9, GenuineIntel



---------------  S Y S T E M  ---------------

OS: Windows 10.0 , 64 bit Build 19041 (10.0.19041.804)

CPU:total 8 (initial active 8) (4 cores per cpu, 2 threads per core) family 6 model 158 stepping 9, cmov, cx8, fxsr, mmx, sse, sse2, sse3, ssse3, sse4.1, sse4.2, popcnt, avx, avx2, aes, clmul, erms, 3dnowpref, lzcnt, ht, tsc, tscinvbit, bmi1, bmi2, adx

Memory: 4k page, physical 16658020k(2070540k free), swap 31298916k(3980k free)

vm_info: OpenJDK 64-Bit Server VM (25.242-b01) for windows-amd64 JRE (1.8.0_242-release-1644-b01), built by "builder" with MS VC++ 10.0 (VS2010)

time: Mon Apr 05 22:01:26 2021
timezone: Hora de ver. Europa Occidental
elapsed time: 2600 seconds (0d 0h 43m 20s)

